{"level":"INFO","ts":"2024-10-16T17:34:24.704+0800","caller":"db/sqlite.go:38","msg":"初始化sqlite数据库完成! dsn: root\\config\\config.db"}
{"level":"DEBUG","ts":"2024-10-16T17:34:24.704+0800","caller":"db/db.go:59","msg":"\nSQL语句  SELECT count(*) FROM sqlite_master WHERE type='table' AND name=\"param_info\"\n执行用时  0.54ms\n影响行数  -\n代码路径  migrator.go:32\n"}
{"level":"DEBUG","ts":"2024-10-16T17:34:24.846+0800","caller":"db/db.go:64","msg":"\nSQL语句  CREATE TABLE `param_info` (`id` integer,`group` text,`name` text,`value` blob,`mark` text,PRIMARY KEY (`id`))\n执行用时 142.34ms\n影响行数 0\n代码路径 config.go:164\n"}
{"level":"DEBUG","ts":"2024-10-16T17:34:24.846+0800","caller":"db/db.go:59","msg":"\nSQL语句  SELECT count(*) FROM sqlite_master WHERE type='table' AND name=\"server_info\"\n执行用时  0.00ms\n影响行数  -\n代码路径  migrator.go:32\n"}
{"level":"DEBUG","ts":"2024-10-16T17:34:24.956+0800","caller":"db/db.go:64","msg":"\nSQL语句  CREATE TABLE `server_info` (`id` integer,`name` text NOT NULL,`path` text NOT NULL,`params` text,PRIMARY KEY (`id`))\n执行用时 108.79ms\n影响行数 0\n代码路径 config.go:164\n"}
{"level":"DEBUG","ts":"2024-10-16T17:34:24.956+0800","caller":"db/db.go:64","msg":"\nSQL语句  SELECT * FROM `param_info` WHERE \"group\" = \"server\" and name = \"port\"\n执行用时 0.17ms\n影响行数 0\n代码路径 config.go:127\n"}
{"level":"DEBUG","ts":"2024-10-16T17:34:24.956+0800","caller":"db/db.go:64","msg":"\nSQL语句  SELECT * FROM `param_info` WHERE \"group\" = \"server\" and name = \"port\"\n执行用时 0.00ms\n影响行数 0\n代码路径 config.go:127\n"}
{"level":"DEBUG","ts":"2024-10-16T17:34:25.047+0800","caller":"db/db.go:64","msg":"\nSQL语句  INSERT INTO `param_info` (`id`,`group`,`name`,`value`,`mark`) VALUES (144556502814720,\"server\",\"port\",\"{\\\"value\\\":10070}\",\"端口号\")\n执行用时 90.37ms\n影响行数 1\n代码路径 config.go:107\n"}
{"level":"DEBUG","ts":"2024-10-16T17:34:25.047+0800","caller":"db/db.go:64","msg":"\nSQL语句  SELECT * FROM `param_info` WHERE \"group\" = \"server\" and name = \"mode\"\n执行用时 0.57ms\n影响行数 0\n代码路径 config.go:127\n"}
{"level":"DEBUG","ts":"2024-10-16T17:34:25.047+0800","caller":"db/db.go:64","msg":"\nSQL语句  SELECT * FROM `param_info` WHERE \"group\" = \"server\" and name = \"mode\"\n执行用时 0.00ms\n影响行数 0\n代码路径 config.go:127\n"}
{"level":"DEBUG","ts":"2024-10-16T17:34:25.147+0800","caller":"db/db.go:64","msg":"\nSQL语句  INSERT INTO `param_info` (`id`,`group`,`name`,`value`,`mark`) VALUES (144556884496384,\"server\",\"mode\",\"{\\\"value\\\":\\\"debug\\\"}\",\"服务运行模式， debug \\ release\")\n执行用时 99.97ms\n影响行数 1\n代码路径 config.go:107\n"}
{"level":"DEBUG","ts":"2024-10-16T17:34:25.148+0800","caller":"db/db.go:64","msg":"\nSQL语句  SELECT * FROM `param_info` WHERE \"group\" = \"log\" and name = \"path\"\n执行用时 0.50ms\n影响行数 0\n代码路径 config.go:127\n"}
{"level":"DEBUG","ts":"2024-10-16T17:34:25.148+0800","caller":"db/db.go:64","msg":"\nSQL语句  SELECT * FROM `param_info` WHERE \"group\" = \"log\" and name = \"path\"\n执行用时 0.00ms\n影响行数 0\n代码路径 config.go:127\n"}
{"level":"DEBUG","ts":"2024-10-16T17:34:25.238+0800","caller":"db/db.go:64","msg":"\nSQL语句  INSERT INTO `param_info` (`id`,`group`,`name`,`value`,`mark`) VALUES (144557308121088,\"log\",\"path\",\"{\\\"value\\\":\\\"root/logs\\\"}\",\"日志存放路径\")\n执行用时 90.05ms\n影响行数 1\n代码路径 config.go:107\n"}
{"level":"DEBUG","ts":"2024-10-16T17:34:25.239+0800","caller":"db/db.go:64","msg":"\nSQL语句  SELECT * FROM `param_info` WHERE \"group\" = \"log\" and name = \"max-size\"\n执行用时 0.56ms\n影响行数 0\n代码路径 config.go:127\n"}
{"level":"DEBUG","ts":"2024-10-16T17:34:25.239+0800","caller":"db/db.go:64","msg":"\nSQL语句  SELECT * FROM `param_info` WHERE \"group\" = \"log\" and name = \"max-size\"\n执行用时 0.00ms\n影响行数 0\n代码路径 config.go:127\n"}
{"level":"DEBUG","ts":"2024-10-16T17:34:25.339+0800","caller":"db/db.go:64","msg":"\nSQL语句  INSERT INTO `param_info` (`id`,`group`,`name`,`value`,`mark`) VALUES (144557689802752,\"log\",\"max-size\",\"{\\\"value\\\":10}\",\"日志大小\")\n执行用时 100.65ms\n影响行数 1\n代码路径 config.go:107\n"}
{"level":"DEBUG","ts":"2024-10-16T17:34:25.340+0800","caller":"db/db.go:64","msg":"\nSQL语句  SELECT * FROM `param_info` WHERE \"group\" = \"log\" and name = \"max-backups\"\n执行用时 0.00ms\n影响行数 0\n代码路径 config.go:127\n"}
{"level":"DEBUG","ts":"2024-10-16T17:34:25.340+0800","caller":"db/db.go:64","msg":"\nSQL语句  SELECT * FROM `param_info` WHERE \"group\" = \"log\" and name = \"max-backups\"\n执行用时 0.06ms\n影响行数 0\n代码路径 config.go:127\n"}
{"level":"DEBUG","ts":"2024-10-16T17:34:25.438+0800","caller":"db/db.go:64","msg":"\nSQL语句  INSERT INTO `param_info` (`id`,`group`,`name`,`value`,`mark`) VALUES (144558113427456,\"log\",\"max-backups\",\"{\\\"value\\\":10}\",\"最大备份数\")\n执行用时 98.26ms\n影响行数 1\n代码路径 config.go:107\n"}
{"level":"DEBUG","ts":"2024-10-16T17:34:25.439+0800","caller":"db/db.go:64","msg":"\nSQL语句  SELECT * FROM `param_info` WHERE \"group\" = \"log\" and name = \"max-age\"\n执行用时 0.59ms\n影响行数 0\n代码路径 config.go:127\n"}
{"level":"DEBUG","ts":"2024-10-16T17:34:25.439+0800","caller":"db/db.go:64","msg":"\nSQL语句  SELECT * FROM `param_info` WHERE \"group\" = \"log\" and name = \"max-age\"\n执行用时 0.00ms\n影响行数 0\n代码路径 config.go:127\n"}
{"level":"DEBUG","ts":"2024-10-16T17:34:25.531+0800","caller":"db/db.go:64","msg":"\nSQL语句  INSERT INTO `param_info` (`id`,`group`,`name`,`value`,`mark`) VALUES (144558528663552,\"log\",\"max-age\",\"{\\\"value\\\":10}\",\"保存天数\")\n执行用时 92.27ms\n影响行数 1\n代码路径 config.go:107\n"}
{"level":"DEBUG","ts":"2024-10-16T17:34:25.531+0800","caller":"db/db.go:64","msg":"\nSQL语句  SELECT * FROM `param_info` WHERE \"group\" = \"log\" and name = \"compress\"\n执行用时 0.00ms\n影响行数 0\n代码路径 config.go:127\n"}
{"level":"DEBUG","ts":"2024-10-16T17:34:25.531+0800","caller":"db/db.go:64","msg":"\nSQL语句  SELECT * FROM `param_info` WHERE \"group\" = \"log\" and name = \"compress\"\n执行用时 0.00ms\n影响行数 0\n代码路径 config.go:127\n"}
{"level":"DEBUG","ts":"2024-10-16T17:34:25.622+0800","caller":"db/db.go:64","msg":"\nSQL语句  INSERT INTO `param_info` (`id`,`group`,`name`,`value`,`mark`) VALUES (144558914539520,\"log\",\"compress\",\"{\\\"value\\\":true}\",\"是否压缩\")\n执行用时 90.07ms\n影响行数 1\n代码路径 config.go:107\n"}
{"level":"DEBUG","ts":"2024-10-16T17:34:25.622+0800","caller":"db/db.go:64","msg":"\nSQL语句  SELECT * FROM `param_info` WHERE \"group\" = \"log\" and name = \"level\"\n执行用时 0.00ms\n影响行数 0\n代码路径 config.go:127\n"}
{"level":"DEBUG","ts":"2024-10-16T17:34:25.622+0800","caller":"db/db.go:64","msg":"\nSQL语句  SELECT * FROM `param_info` WHERE \"group\" = \"log\" and name = \"level\"\n执行用时 0.00ms\n影响行数 0\n代码路径 config.go:127\n"}
{"level":"DEBUG","ts":"2024-10-16T17:34:25.723+0800","caller":"db/db.go:64","msg":"\nSQL语句  INSERT INTO `param_info` (`id`,`group`,`name`,`value`,`mark`) VALUES (144559296221184,\"log\",\"level\",\"{\\\"value\\\":-1}\",\"日志输出等级\")\n执行用时 100.84ms\n影响行数 1\n代码路径 config.go:107\n"}
{"level":"DEBUG","ts":"2024-10-16T17:34:25.724+0800","caller":"db/db.go:64","msg":"\nSQL语句  SELECT * FROM `param_info` WHERE \"group\" = \"log\" and name = \"level\"\n执行用时 0.35ms\n影响行数 1\n代码路径 config.go:127\n"}
{"level":"DEBUG","ts":"2024-10-16T17:34:25.724+0800","caller":"db/db.go:64","msg":"\nSQL语句  SELECT * FROM `param_info` WHERE \"group\" = \"log\" and name = \"path\"\n执行用时 0.13ms\n影响行数 1\n代码路径 config.go:127\n"}
{"level":"DEBUG","ts":"2024-10-16T17:34:25.724+0800","caller":"db/db.go:64","msg":"\nSQL语句  SELECT * FROM `param_info` WHERE \"group\" = \"log\" and name = \"max-size\"\n执行用时 0.15ms\n影响行数 1\n代码路径 config.go:127\n"}
{"level":"DEBUG","ts":"2024-10-16T17:34:25.724+0800","caller":"db/db.go:64","msg":"\nSQL语句  SELECT * FROM `param_info` WHERE \"group\" = \"log\" and name = \"max-backups\"\n执行用时 0.00ms\n影响行数 1\n代码路径 config.go:127\n"}
{"level":"DEBUG","ts":"2024-10-16T17:34:25.724+0800","caller":"db/db.go:64","msg":"\nSQL语句  SELECT * FROM `param_info` WHERE \"group\" = \"log\" and name = \"max-age\"\n执行用时 0.00ms\n影响行数 1\n代码路径 config.go:127\n"}
{"level":"DEBUG","ts":"2024-10-16T17:34:25.724+0800","caller":"db/db.go:64","msg":"\nSQL语句  SELECT * FROM `param_info` WHERE \"group\" = \"log\" and name = \"compress\"\n执行用时 0.00ms\n影响行数 1\n代码路径 config.go:127\n"}
{"level":"DEBUG","ts":"2024-10-16T17:34:25.767+0800","caller":"db/db.go:64","msg":"\nSQL语句  SELECT * FROM `server_info`\n执行用时 0.54ms\n影响行数 0\n代码路径 server.go:69\n"}
{"level":"DEBUG","ts":"2024-10-16T17:34:28.995+0800","caller":"db/db.go:64","msg":"\nSQL语句  SELECT * FROM `server_info`\n执行用时 0.00ms\n影响行数 0\n代码路径 server.go:69\n"}
{"level":"DEBUG","ts":"2024-10-16T17:35:15.770+0800","caller":"db/db.go:64","msg":"\nSQL语句  INSERT INTO `server_info` (`id`,`name`,`path`,`params`) VALUES (144769258885120,\"排队叫号后台服务\",\"E:\\works\\golang\\src\\golang.corp.yxkj.com\\YHworkSpaces\\yhlineserver\\bin\\YHLineServer.exe\",\"[{\\\"key\\\":\\\"-httpPort\\\",\\\"value\\\":\\\"10070\\\",\\\"type\\\":\\\"运行参数\\\",\\\"mark\\\":\\\"http端口号\\\"}]\")\n执行用时 89.02ms\n影响行数 1\n代码路径 server.go:35\n"}
{"level":"DEBUG","ts":"2024-10-16T17:35:18.697+0800","caller":"db/db.go:64","msg":"\nSQL语句  SELECT * FROM `server_info`\n执行用时 0.75ms\n影响行数 1\n代码路径 server.go:69\n"}
{"level":"DEBUG","ts":"2024-10-16T17:35:23.243+0800","caller":"db/db.go:64","msg":"\nSQL语句  SELECT * FROM `server_info`\n执行用时 0.54ms\n影响行数 1\n代码路径 server.go:69\n"}
{"level":"DEBUG","ts":"2024-10-16T17:35:24.429+0800","caller":"db/db.go:64","msg":"\nSQL语句  SELECT * FROM `param_info` WHERE \"group\" = \"log\" and name = \"level\"\n执行用时 0.51ms\n影响行数 1\n代码路径 config.go:127\n"}
{"level":"DEBUG","ts":"2024-10-16T17:35:24.431+0800","caller":"db/db.go:64","msg":"\nSQL语句  SELECT * FROM `param_info` WHERE \"group\" = \"log\" and name = \"max-size\"\n执行用时 0.00ms\n影响行数 1\n代码路径 config.go:127\n"}
{"level":"DEBUG","ts":"2024-10-16T17:35:24.432+0800","caller":"db/db.go:64","msg":"\nSQL语句  SELECT * FROM `param_info` WHERE \"group\" = \"log\" and name = \"max-backups\"\n执行用时 0.52ms\n影响行数 1\n代码路径 config.go:127\n"}
{"level":"DEBUG","ts":"2024-10-16T17:35:24.432+0800","caller":"db/db.go:64","msg":"\nSQL语句  SELECT * FROM `param_info` WHERE \"group\" = \"log\" and name = \"max-age\"\n执行用时 0.00ms\n影响行数 1\n代码路径 config.go:127\n"}
{"level":"DEBUG","ts":"2024-10-16T17:35:24.432+0800","caller":"db/db.go:64","msg":"\nSQL语句  SELECT * FROM `param_info` WHERE \"group\" = \"log\" and name = \"compress\"\n执行用时 0.00ms\n影响行数 1\n代码路径 config.go:127\n"}
{"level":"DEBUG","ts":"2024-10-16T17:36:07.334+0800","caller":"db/db.go:64","msg":"\nSQL语句  SELECT * FROM `server_info` WHERE id = 144769258885120 ORDER BY `server_info`.`id` LIMIT 1\n执行用时 0.16ms\n影响行数 1\n代码路径 server.go:48\n"}
{"level":"DEBUG","ts":"2024-10-16T17:36:11.157+0800","caller":"db/db.go:64","msg":"\nSQL语句  SELECT * FROM `param_info` WHERE \"group\" = \"log\" and name = \"showlogcount\"\n执行用时 0.00ms\n影响行数 0\n代码路径 config.go:127\n"}
{"level":"DEBUG","ts":"2024-10-16T17:36:11.158+0800","caller":"db/db.go:64","msg":"\nSQL语句  SELECT * FROM `param_info` WHERE \"group\" = \"log\" and name = \"path\"\n执行用时 0.57ms\n影响行数 1\n代码路径 config.go:127\n"}
{"level":"DEBUG","ts":"2024-10-16T17:36:11.158+0800","caller":"db/db.go:64","msg":"\nSQL语句  SELECT * FROM `param_info` WHERE \"group\" = \"log\" and name = \"compress\"\n执行用时 0.00ms\n影响行数 1\n代码路径 config.go:127\n"}
{"level":"DEBUG","ts":"2024-10-16T17:36:11.158+0800","caller":"db/db.go:64","msg":"\nSQL语句  SELECT * FROM `param_info` WHERE \"group\" = \"log\" and name = \"level\"\n执行用时 0.00ms\n影响行数 1\n代码路径 config.go:127\n"}
{"level":"DEBUG","ts":"2024-10-16T17:36:11.158+0800","caller":"db/db.go:64","msg":"\nSQL语句  SELECT * FROM `param_info` WHERE \"group\" = \"log\" and name = \"max-size\"\n执行用时 0.00ms\n影响行数 1\n代码路径 config.go:127\n"}
{"level":"DEBUG","ts":"2024-10-16T17:36:11.158+0800","caller":"db/db.go:64","msg":"\nSQL语句  SELECT * FROM `param_info` WHERE \"group\" = \"log\" and name = \"max-backups\"\n执行用时 0.00ms\n影响行数 1\n代码路径 config.go:127\n"}
{"level":"DEBUG","ts":"2024-10-16T17:36:11.158+0800","caller":"db/db.go:64","msg":"\nSQL语句  SELECT * FROM `param_info` WHERE \"group\" = \"log\" and name = \"max-age\"\n执行用时 0.50ms\n影响行数 1\n代码路径 config.go:127\n"}
{"level":"DEBUG","ts":"2024-10-16T17:36:15.393+0800","caller":"db/db.go:64","msg":"\nSQL语句  SELECT * FROM `server_info`\n执行用时 0.00ms\n影响行数 1\n代码路径 server.go:69\n"}
{"level":"DEBUG","ts":"2024-10-16T18:00:15.165+0800","caller":"db/db.go:64","msg":"\nSQL语句  SELECT * FROM `server_info` WHERE id = 144769258885120 ORDER BY `server_info`.`id` LIMIT 1\n执行用时 0.00ms\n影响行数 1\n代码路径 server.go:48\n"}
{"level":"DEBUG","ts":"2024-10-16T18:00:21.151+0800","caller":"db/db.go:64","msg":"\nSQL语句  SELECT * FROM `server_info`\n执行用时 0.00ms\n影响行数 1\n代码路径 server.go:69\n"}
{"level":"DEBUG","ts":"2024-10-16T18:06:53.511+0800","caller":"db/db.go:64","msg":"\nSQL语句  SELECT * FROM `server_info` WHERE id = 144769258885120 ORDER BY `server_info`.`id` LIMIT 1\n执行用时 0.50ms\n影响行数 1\n代码路径 server.go:48\n"}
