[2024\10\16 17:35:24] [debug] [@logger.go:130] HoneyOrangeHelper/pkg/logger.InitLogger ã€åˆå§‹åŒ–zapæ—¥å¿—å®Œæˆã€‘ã€2024-10-16 17:35:24.432ã€‘
[2024\10\16 17:35:33] [info] [@Frm_serverImpl.go:168] HoneyOrangeHelper/pages/server.(*TFrm_server).Monitor.func1 [97;45m[JobRunner] 2024/10/16 - 17:35:33 Started... [0m
[2024\10\16 17:35:33] [info] [@Frm_serverImpl.go:168] HoneyOrangeHelper/pages/server.(*TFrm_server).Monitor.func1 æŒ‡å®šhttpç«¯å£: 10070
[2024\10\16 17:35:33] [info] [@Frm_serverImpl.go:168] HoneyOrangeHelper/pages/server.(*TFrm_server).Monitor.func1 åˆå§‹åŒ–sqliteæ•°æ®åº“å®Œæˆ! dsn: E:\works\golang\src\golang.corp.yxkj.com\YHworkSpaces\yhlineserver\bin\runtime\config\config.db
[2024\10\16 17:35:42] [info] [@Frm_serverImpl.go:168] HoneyOrangeHelper/pages/server.(*TFrm_server).Monitor.func1 2024-10-16 17:35:42.841 [debug] logger/logger.go:146 ã€åˆå§‹åŒ–zapæ—¥å¿—å®Œæˆ!ã€‘ã€2024-10-16 17:35:42.841ã€‘
[2024\10\16 17:35:43] [info] [@Frm_serverImpl.go:168] HoneyOrangeHelper/pages/server.(*TFrm_server).Monitor.func1 [GIN-debug] [WARNING] Running in "debug" mode. Switch to "release" mode in production.
 - using env:	export GIN_MODE=release
 - using code:	gin.SetMode(gin.ReleaseMode)
[2024\10\16 17:35:43] [info] [@Frm_serverImpl.go:168] HoneyOrangeHelper/pages/server.(*TFrm_server).Monitor.func1 [GIN-debug] GET    /www/*filepath            --> github.com/gin-gonic/gin.(*RouterGroup).createStaticHandler.func1 (3 handlers)
[2024\10\16 17:35:43] [info] [@Frm_serverImpl.go:168] HoneyOrangeHelper/pages/server.(*TFrm_server).Monitor.func1 [GIN-debug] HEAD   /www/*filepath            --> github.com/gin-gonic/gin.(*RouterGroup).createStaticHandler.func1 (3 handlers)
[2024\10\16 17:35:43] [info] [@Frm_serverImpl.go:168] HoneyOrangeHelper/pages/server.(*TFrm_server).Monitor.func1 [GIN-debug] GET    /granada/api/v1/ping      --> golang.corp.yxkj.com/orange/yhLineServer/internal/router.InitRouterNoSysInit.func1 (3 handlers)
[2024\10\16 17:35:43] [info] [@Frm_serverImpl.go:168] HoneyOrangeHelper/pages/server.(*TFrm_server).Monitor.func1 [GIN-debug] GET    /granada/api/v1/param     --> golang.corp.yxkj.com/orange/yhLineServer/internal/admin/controller.ParamsController.GetParamList-fm (3 handlers)
[GIN-debug] GET    /granada/api/v1/param/:name --> golang.corp.yxkj.com/orange/yhLineServer/internal/admin/controller.ParamsController.GetParamById-fm (3 handlers)
[GIN-debug] GET    /granada/api/v1/param/configList --> golang.corp.yxkj.com/orange/yhLineServer/internal/admin/controller.ParamsController.GetParamConfigList-fm (3 handlers)
[GIN-debug] PUT    /granada/api/v1/param     --> golang.corp.yxkj.com/orange/yhLineServer/internal/admin/controller.ParamsController.ModifyParam-fm (3 handlers)
[GIN-debug] POST   /granada/api/v1/param     --> golang.corp.yxkj.com/orange/yhLineServer/internal/admin/controller.ParamsController.AddParam-fm (3 handlers)
[GIN-debug] DELETE /granada/api/v1/param/:region/:id --> golang.corp.yxkj.com/orange/yhLineServer/internal/admin/controller.ParamsController.DelParam-fm (3 handlers)
[2024\10\16 17:35:43] [info] [@Frm_serverImpl.go:168] HoneyOrangeHelper/pages/server.(*TFrm_server).Monitor.func1 [GIN-debug] PUT    /granada/api/v1/param/:region/:id/:status --> golang.corp.yxkj.com/orange/yhLineServer/internal/admin/controller.ParamsController.ModifyStatus-fm (3 handlers)
[2024\10\16 17:35:43] [info] [@Frm_serverImpl.go:168] HoneyOrangeHelper/pages/server.(*TFrm_server).Monitor.func1 [GIN-debug] GET    /granada/api/v1/isInitServer --> golang.corp.yxkj.com/orange/yhLineServer/internal/router.InitRouterNoSysInit.func2 (3 handlers)
[2024\10\16 17:35:43] [info] [@Frm_serverImpl.go:168] HoneyOrangeHelper/pages/server.(*TFrm_server).Monitor.func1 [GIN-debug] GET    /reload                   --> golang.corp.yxkj.com/orange/yhLineServer/internal/router.InitRouterNoSysInit.func3 (3 handlers)
[2024\10\16 17:35:43] [info] [@Frm_serverImpl.go:168] HoneyOrangeHelper/pages/server.(*TFrm_server).Monitor.func1 __ _              __
/\_/\ /\  /\   / /(_)_ __   ___  / _\ ___ _ ____   _____ _ __
\_ _// /_/ /  / / | | '_ \ / _ \ \ \ / _ \ '__\ \ / / _ \ '__|
 / \/ __  /  / /__| | | | |  __/ _\ \  __/ |   \ V /  __/ |
 \_/\/ /_/   \____/_|_| |_|\___| \__/\___|_|    \_/ \___|_|

	 YH-Line-Server  æ’é˜Ÿå«å·åå°æœåŠ¡
[2024\10\16 17:35:43] [info] [@Frm_serverImpl.go:168] HoneyOrangeHelper/pages/server.(*TFrm_server).Monitor.func1 AppName : YHLineServer
	Branch  : 
	Commit  : 
	Date    : 20241014-002
	Version : 2.4.0-alpha.3
	Port    : 10070
	MqttPort: 1883
[2024\10\16 18:00:16] [info] [@Frm_serverImpl.go:168] HoneyOrangeHelper/pages/server.(*TFrm_server).Monitor.func1 [97;45m[JobRunner] 2024/10/16 - 18:00:16 Started... [0m
[2024\10\16 18:00:16] [info] [@Frm_serverImpl.go:168] HoneyOrangeHelper/pages/server.(*TFrm_server).Monitor.func1 æŒ‡å®šhttpç«¯å£: 10070
[2024\10\16 18:00:16] [info] [@Frm_serverImpl.go:168] HoneyOrangeHelper/pages/server.(*TFrm_server).Monitor.func1 åˆå§‹åŒ–sqliteæ•°æ®åº“å®Œæˆ! dsn: E:\works\golang\src\golang.corp.yxkj.com\YHworkSpaces\yhlineserver\bin\runtime\config\config.db
[2024\10\16 18:00:16] [info] [@Frm_serverImpl.go:168] HoneyOrangeHelper/pages/server.(*TFrm_server).Monitor.func1 2024-10-16 18:00:16.86 [debug] logger/logger.go:146 ã€åˆå§‹åŒ–zapæ—¥å¿—å®Œæˆ!ã€‘ã€2024-10-16 18:00:16.86ã€‘
[2024\10\16 18:00:17] [info] [@Frm_serverImpl.go:168] HoneyOrangeHelper/pages/server.(*TFrm_server).Monitor.func1 [GIN-debug] [WARNING] Running in "debug" mode. Switch to "release" mode in production.
 - using env:	export GIN_MODE=release
 - using code:	gin.SetMode(gin.ReleaseMode)
[2024\10\16 18:00:17] [info] [@Frm_serverImpl.go:168] HoneyOrangeHelper/pages/server.(*TFrm_server).Monitor.func1 [GIN-debug] GET    /www/*filepath            --> github.com/gin-gonic/gin.(*RouterGroup).createStaticHandler.func1 (3 handlers)
[2024\10\16 18:00:17] [info] [@Frm_serverImpl.go:168] HoneyOrangeHelper/pages/server.(*TFrm_server).Monitor.func1 [GIN-debug] HEAD   /www/*filepath            --> github.com/gin-gonic/gin.(*RouterGroup).createStaticHandler.func1 (3 handlers)
[2024\10\16 18:00:17] [info] [@Frm_serverImpl.go:168] HoneyOrangeHelper/pages/server.(*TFrm_server).Monitor.func1 [GIN-debug] GET    /granada/api/v1/ping      --> golang.corp.yxkj.com/orange/yhLineServer/internal/router.InitRouterNoSysInit.func1 (3 handlers)
[2024\10\16 18:00:17] [info] [@Frm_serverImpl.go:168] HoneyOrangeHelper/pages/server.(*TFrm_server).Monitor.func1 [GIN-debug] GET    /granada/api/v1/param     --> golang.corp.yxkj.com/orange/yhLineServer/internal/admin/controller.ParamsController.GetParamList-fm (3 handlers)
[GIN-debug] GET    /granada/api/v1/param/:name --> golang.corp.yxkj.com/orange/yhLineServer/internal/admin/controller.ParamsController.GetParamById-fm (3 handlers)
[GIN-debug] GET    /granada/api/v1/param/configList --> golang.corp.yxkj.com/orange/yhLineServer/internal/admin/controller.ParamsController.GetParamConfigList-fm (3 handlers)
[GIN-debug] PUT    /granada/api/v1/param     --> golang.corp.yxkj.com/orange/yhLineServer/internal/admin/controller.ParamsController.ModifyParam-fm (3 handlers)
[GIN-debug] POST   /granada/api/v1/param     --> golang.corp.yxkj.com/orange/yhLineServer/internal/admin/controller.ParamsController.AddParam-fm (3 handlers)
[GIN-debug] DELETE /granada/api/v1/param/:region/:id --> golang.corp.yxkj.com/orange/yhLineServer/internal/admin/controller.ParamsController.DelParam-fm (3 handlers)
[GIN-debug] PUT    /granada/api/v1/param/:region/:id/:status --> golang.corp.yxkj.com/orange/yhLineServer/internal/admin/controller.ParamsController.ModifyStatus-fm (3 handlers)
[2024\10\16 18:00:17] [info] [@Frm_serverImpl.go:168] HoneyOrangeHelper/pages/server.(*TFrm_server).Monitor.func1 [GIN-debug] GET    /granada/api/v1/isInitServer --> golang.corp.yxkj.com/orange/yhLineServer/internal/router.InitRouterNoSysInit.func2 (3 handlers)
[GIN-debug] GET    /reload                   --> golang.corp.yxkj.com/orange/yhLineServer/internal/router.InitRouterNoSysInit.func3 (3 handlers)
[2024\10\16 18:00:17] [info] [@Frm_serverImpl.go:168] HoneyOrangeHelper/pages/server.(*TFrm_server).Monitor.func1 __ _              __
/\_/\ /\  /\   / /(_)_ __   ___  / _\ ___ _ ____   _____ _ __
\_ _// /_/ /  / / | | '_ \ / _ \ \ \ / _ \ '__\ \ / / _ \ '__|
 / \/ __  /  / /__| | | | |  __/ _\ \  __/ |   \ V /  __/ |
 \_/\/ /_/   \____/_|_| |_|\___| \__/\___|_|    \_/ \___|_|

	 YH-Line-Server  æ’é˜Ÿå«å·åå°æœåŠ¡
[2024\10\16 18:00:17] [info] [@Frm_serverImpl.go:168] HoneyOrangeHelper/pages/server.(*TFrm_server).Monitor.func1 AppName : YHLineServer
	Branch  : 
	Commit  : 
	Date    : 20241014-002
	Version : 2.4.0-alpha.3
	Port    : 10070
	MqttPort: 1883
